{"/home/balta/Documentos/projects/node/CPU_LOADER/converter/bytesToGigabytes.js": {"path":"/home/balta/Documentos/projects/node/CPU_LOADER/converter/bytesToGigabytes.js","all":false,"statementMap":{"0":{"start":{"line":1,"column":0},"end":{"line":1,"column":49}},"1":{"start":{"line":2,"column":0},"end":{"line":2,"column":42}},"2":{"start":{"line":3,"column":0},"end":{"line":3,"column":39}},"3":{"start":{"line":4,"column":0},"end":{"line":4,"column":1}}},"s":{"0":1,"1":1,"2":1,"3":1},"branchMap":{"0":{"type":"branch","line":1,"loc":{"start":{"line":1,"column":15},"end":{"line":4,"column":1}},"locations":[{"start":{"line":1,"column":15},"end":{"line":4,"column":1}}]}},"b":{"0":[1]},"fnMap":{"0":{"name":"bytesToGigabytes","decl":{"start":{"line":1,"column":15},"end":{"line":4,"column":1}},"loc":{"start":{"line":1,"column":15},"end":{"line":4,"column":1}},"line":1}},"f":{"0":1}}
,"/home/balta/Documentos/projects/node/CPU_LOADER/converter/secondsToHours.js": {"path":"/home/balta/Documentos/projects/node/CPU_LOADER/converter/secondsToHours.js","all":false,"statementMap":{"0":{"start":{"line":1,"column":0},"end":{"line":1,"column":47}},"1":{"start":{"line":2,"column":0},"end":{"line":2,"column":31}},"2":{"start":{"line":3,"column":0},"end":{"line":3,"column":39}},"3":{"start":{"line":4,"column":0},"end":{"line":4,"column":1}}},"s":{"0":1,"1":1,"2":1,"3":1},"branchMap":{"0":{"type":"branch","line":1,"loc":{"start":{"line":1,"column":15},"end":{"line":4,"column":1}},"locations":[{"start":{"line":1,"column":15},"end":{"line":4,"column":1}}]}},"b":{"0":[1]},"fnMap":{"0":{"name":"secondsToHours","decl":{"start":{"line":1,"column":15},"end":{"line":4,"column":1}},"loc":{"start":{"line":1,"column":15},"end":{"line":4,"column":1}},"line":1}},"f":{"0":1}}
,"/home/balta/Documentos/projects/node/CPU_LOADER/utils/returnPercentOfUsage.js": {"path":"/home/balta/Documentos/projects/node/CPU_LOADER/utils/returnPercentOfUsage.js","all":false,"statementMap":{"0":{"start":{"line":1,"column":0},"end":{"line":1,"column":45}},"1":{"start":{"line":2,"column":0},"end":{"line":2,"column":18}},"2":{"start":{"line":3,"column":0},"end":{"line":3,"column":21}},"3":{"start":{"line":4,"column":0},"end":{"line":4,"column":11}},"4":{"start":{"line":5,"column":0},"end":{"line":5,"column":3}},"5":{"start":{"line":6,"column":0},"end":{"line":6,"column":26}},"6":{"start":{"line":7,"column":0},"end":{"line":7,"column":52}},"7":{"start":{"line":8,"column":0},"end":{"line":8,"column":29}},"8":{"start":{"line":9,"column":0},"end":{"line":9,"column":69}},"9":{"start":{"line":10,"column":0},"end":{"line":10,"column":6}},"10":{"start":{"line":11,"column":0},"end":{"line":11,"column":33}},"11":{"start":{"line":12,"column":0},"end":{"line":12,"column":5}},"12":{"start":{"line":13,"column":0},"end":{"line":13,"column":24}},"13":{"start":{"line":14,"column":0},"end":{"line":14,"column":2}}},"s":{"0":1,"1":1,"2":1,"3":1,"4":1,"5":1,"6":1,"7":2,"8":2,"9":2,"10":2,"11":1,"12":1,"13":1},"branchMap":{"0":{"type":"branch","line":1,"loc":{"start":{"line":1,"column":15},"end":{"line":14,"column":1}},"locations":[{"start":{"line":1,"column":15},"end":{"line":14,"column":1}}]},"1":{"type":"branch","line":7,"loc":{"start":{"line":7,"column":29},"end":{"line":12,"column":3}},"locations":[{"start":{"line":7,"column":29},"end":{"line":12,"column":3}}]}},"b":{"0":[1],"1":[2]},"fnMap":{"0":{"name":"returnPercentOfUsage","decl":{"start":{"line":1,"column":15},"end":{"line":14,"column":1}},"loc":{"start":{"line":1,"column":15},"end":{"line":14,"column":1}},"line":1}},"f":{"0":1}}
,"/home/balta/Documentos/projects/node/CPU_LOADER/utils/returnTotalIdle.js": {"path":"/home/balta/Documentos/projects/node/CPU_LOADER/utils/returnTotalIdle.js","all":false,"statementMap":{"0":{"start":{"line":1,"column":0},"end":{"line":1,"column":68}},"1":{"start":{"line":2,"column":0},"end":{"line":2,"column":23}},"2":{"start":{"line":3,"column":0},"end":{"line":3,"column":44}},"3":{"start":{"line":4,"column":0},"end":{"line":4,"column":65}},"4":{"start":{"line":5,"column":0},"end":{"line":5,"column":28}},"5":{"start":{"line":6,"column":0},"end":{"line":6,"column":7}},"6":{"start":{"line":7,"column":0},"end":{"line":7,"column":2}},"7":{"start":{"line":8,"column":0},"end":{"line":8,"column":21}},"8":{"start":{"line":9,"column":0},"end":{"line":9,"column":3}}},"s":{"0":1,"1":1,"2":1,"3":2,"4":2,"5":1,"6":1,"7":1,"8":1},"branchMap":{"0":{"type":"branch","line":1,"loc":{"start":{"line":1,"column":15},"end":{"line":9,"column":3}},"locations":[{"start":{"line":1,"column":15},"end":{"line":9,"column":3}}]},"1":{"type":"branch","line":3,"loc":{"start":{"line":3,"column":26},"end":{"line":6,"column":5}},"locations":[{"start":{"line":3,"column":26},"end":{"line":6,"column":5}}]}},"b":{"0":[1],"1":[2]},"fnMap":{"0":{"name":"returnTotalIdle","decl":{"start":{"line":1,"column":15},"end":{"line":9,"column":3}},"loc":{"start":{"line":1,"column":15},"end":{"line":9,"column":3}},"line":1}},"f":{"0":1}}
,"/home/balta/Documentos/projects/node/CPU_LOADER/utils/returnTotalUsage.js": {"path":"/home/balta/Documentos/projects/node/CPU_LOADER/utils/returnTotalUsage.js","all":false,"statementMap":{"0":{"start":{"line":1,"column":0},"end":{"line":1,"column":48}},"1":{"start":{"line":2,"column":0},"end":{"line":2,"column":32}},"2":{"start":{"line":3,"column":0},"end":{"line":3,"column":22}},"3":{"start":{"line":4,"column":0},"end":{"line":4,"column":25}},"4":{"start":{"line":5,"column":0},"end":{"line":5,"column":43}},"5":{"start":{"line":6,"column":0},"end":{"line":6,"column":27}},"6":{"start":{"line":7,"column":0},"end":{"line":7,"column":5}},"7":{"start":{"line":8,"column":0},"end":{"line":8,"column":0}},"8":{"start":{"line":9,"column":0},"end":{"line":9,"column":20}},"9":{"start":{"line":10,"column":0},"end":{"line":10,"column":2}},"10":{"start":{"line":11,"column":0},"end":{"line":11,"column":0}},"11":{"start":{"line":12,"column":0},"end":{"line":12,"column":31}}},"s":{"0":1,"1":1,"2":1,"3":1,"4":2,"5":2,"6":1,"7":1,"8":1,"9":1,"10":1,"11":1},"branchMap":{"0":{"type":"branch","line":2,"loc":{"start":{"line":2,"column":0},"end":{"line":10,"column":1}},"locations":[{"start":{"line":2,"column":0},"end":{"line":10,"column":1}}]},"1":{"type":"branch","line":4,"loc":{"start":{"line":4,"column":14},"end":{"line":7,"column":3}},"locations":[{"start":{"line":4,"column":14},"end":{"line":7,"column":3}}]}},"b":{"0":[1],"1":[2]},"fnMap":{"0":{"name":"returnTotalUsage","decl":{"start":{"line":2,"column":0},"end":{"line":10,"column":1}},"loc":{"start":{"line":2,"column":0},"end":{"line":10,"column":1}},"line":2}},"f":{"0":1}}
,"/home/balta/Documentos/projects/node/CPU_LOADER/utils/totalUsageCore.js": {"path":"/home/balta/Documentos/projects/node/CPU_LOADER/utils/totalUsageCore.js","all":false,"statementMap":{"0":{"start":{"line":1,"column":0},"end":{"line":1,"column":47}},"1":{"start":{"line":2,"column":0},"end":{"line":2,"column":21}},"2":{"start":{"line":3,"column":0},"end":{"line":3,"column":27}},"3":{"start":{"line":4,"column":0},"end":{"line":4,"column":25}},"4":{"start":{"line":5,"column":0},"end":{"line":5,"column":32}},"5":{"start":{"line":6,"column":0},"end":{"line":6,"column":5}},"6":{"start":{"line":7,"column":0},"end":{"line":7,"column":3}},"7":{"start":{"line":8,"column":0},"end":{"line":8,"column":20}},"8":{"start":{"line":9,"column":0},"end":{"line":9,"column":1}}},"s":{"0":1,"1":3,"2":3,"3":9,"4":6,"5":6,"6":9,"7":3,"8":3},"branchMap":{"0":{"type":"branch","line":1,"loc":{"start":{"line":1,"column":15},"end":{"line":9,"column":1}},"locations":[{"start":{"line":1,"column":15},"end":{"line":9,"column":1}}]},"1":{"type":"branch","line":3,"loc":{"start":{"line":3,"column":26},"end":{"line":7,"column":3}},"locations":[{"start":{"line":3,"column":26},"end":{"line":7,"column":3}}]},"2":{"type":"branch","line":4,"loc":{"start":{"line":4,"column":24},"end":{"line":6,"column":5}},"locations":[{"start":{"line":4,"column":24},"end":{"line":6,"column":5}}]}},"b":{"0":[3],"1":[9],"2":[6]},"fnMap":{"0":{"name":"totalUsageCore","decl":{"start":{"line":1,"column":15},"end":{"line":9,"column":1}},"loc":{"start":{"line":1,"column":15},"end":{"line":9,"column":1}},"line":1}},"f":{"0":3}}
,"/home/balta/Documentos/projects/node/CPU_LOADER/view/colors.js": {"path":"/home/balta/Documentos/projects/node/CPU_LOADER/view/colors.js","all":false,"statementMap":{"0":{"start":{"line":1,"column":0},"end":{"line":1,"column":31}},"1":{"start":{"line":2,"column":0},"end":{"line":2,"column":0}},"2":{"start":{"line":3,"column":0},"end":{"line":3,"column":16}},"3":{"start":{"line":4,"column":0},"end":{"line":4,"column":32}},"4":{"start":{"line":5,"column":0},"end":{"line":5,"column":31}},"5":{"start":{"line":6,"column":0},"end":{"line":6,"column":33}},"6":{"start":{"line":7,"column":0},"end":{"line":7,"column":29}},"7":{"start":{"line":8,"column":0},"end":{"line":8,"column":36}},"8":{"start":{"line":9,"column":0},"end":{"line":9,"column":33}},"9":{"start":{"line":10,"column":0},"end":{"line":10,"column":31}},"10":{"start":{"line":11,"column":0},"end":{"line":11,"column":33}},"11":{"start":{"line":12,"column":0},"end":{"line":12,"column":2}}},"s":{"0":1,"1":1,"2":1,"3":1,"4":1,"5":1,"6":1,"7":1,"8":1,"9":1,"10":1,"11":1},"branchMap":{},"b":{},"fnMap":{},"f":{}}
,"/home/balta/Documentos/projects/node/CPU_LOADER/view/view.js": {"path":"/home/balta/Documentos/projects/node/CPU_LOADER/view/view.js","all":false,"statementMap":{"0":{"start":{"line":1,"column":0},"end":{"line":1,"column":32}},"1":{"start":{"line":2,"column":0},"end":{"line":2,"column":0}},"2":{"start":{"line":3,"column":0},"end":{"line":3,"column":40}},"3":{"start":{"line":4,"column":0},"end":{"line":4,"column":65}},"4":{"start":{"line":5,"column":0},"end":{"line":5,"column":24}},"5":{"start":{"line":6,"column":0},"end":{"line":6,"column":1}}},"s":{"0":1,"1":1,"2":1,"3":2,"4":2,"5":2},"branchMap":{"0":{"type":"branch","line":3,"loc":{"start":{"line":3,"column":15},"end":{"line":6,"column":1}},"locations":[{"start":{"line":3,"column":15},"end":{"line":6,"column":1}}]},"1":{"type":"branch","line":4,"loc":{"start":{"line":4,"column":33},"end":{"line":4,"column":56}},"locations":[{"start":{"line":4,"column":33},"end":{"line":4,"column":56}}]},"2":{"type":"branch","line":4,"loc":{"start":{"line":4,"column":56},"end":{"line":4,"column":64}},"locations":[{"start":{"line":4,"column":56},"end":{"line":4,"column":64}}]}},"b":{"0":[2],"1":[1],"2":[1]},"fnMap":{"0":{"name":"_default","decl":{"start":{"line":3,"column":15},"end":{"line":6,"column":1}},"loc":{"start":{"line":3,"column":15},"end":{"line":6,"column":1}},"line":3}},"f":{"0":2}}
}
