TN:
SF:converter/bytesToGigabytes.js
FN:1,bytesToGigabytes
FNF:1
FNH:1
FNDA:1,bytesToGigabytes
DA:1,1
DA:2,1
DA:3,1
DA:4,1
LF:4
LH:4
BRDA:1,0,0,1
BRF:1
BRH:1
end_of_record
TN:
SF:converter/secondsToHours.js
FN:1,secondsToHours
FNF:1
FNH:1
FNDA:1,secondsToHours
DA:1,1
DA:2,1
DA:3,1
DA:4,1
LF:4
LH:4
BRDA:1,0,0,1
BRF:1
BRH:1
end_of_record
TN:
SF:utils/returnPercentOfUsage.js
FN:1,returnPercentOfUsage
FNF:1
FNH:1
FNDA:1,returnPercentOfUsage
DA:1,1
DA:2,1
DA:3,1
DA:4,1
DA:5,1
DA:6,1
DA:7,1
DA:8,2
DA:9,2
DA:10,2
DA:11,2
DA:12,1
DA:13,1
DA:14,1
LF:14
LH:14
BRDA:1,0,0,1
BRDA:7,1,0,2
BRF:2
BRH:2
end_of_record
TN:
SF:utils/returnTotalIdle.js
FN:1,returnTotalIdle
FNF:1
FNH:1
FNDA:1,returnTotalIdle
DA:1,1
DA:2,1
DA:3,1
DA:4,2
DA:5,2
DA:6,1
DA:7,1
DA:8,1
DA:9,1
LF:9
LH:9
BRDA:1,0,0,1
BRDA:3,1,0,2
BRF:2
BRH:2
end_of_record
TN:
SF:utils/returnTotalUsage.js
FN:2,returnTotalUsage
FNF:1
FNH:1
FNDA:1,returnTotalUsage
DA:1,1
DA:2,1
DA:3,1
DA:4,1
DA:5,2
DA:6,2
DA:7,1
DA:8,1
DA:9,1
DA:10,1
DA:11,1
DA:12,1
LF:12
LH:12
BRDA:2,0,0,1
BRDA:4,1,0,2
BRF:2
BRH:2
end_of_record
TN:
SF:utils/totalUsageCore.js
FN:1,totalUsageCore
FNF:1
FNH:1
FNDA:3,totalUsageCore
DA:1,1
DA:2,3
DA:3,3
DA:4,9
DA:5,6
DA:6,6
DA:7,9
DA:8,3
DA:9,3
LF:9
LH:9
BRDA:1,0,0,3
BRDA:3,1,0,9
BRDA:4,2,0,6
BRF:3
BRH:3
end_of_record
TN:
SF:view/colors.js
FNF:0
FNH:0
DA:1,1
DA:2,1
DA:3,1
DA:4,1
DA:5,1
DA:6,1
DA:7,1
DA:8,1
DA:9,1
DA:10,1
DA:11,1
DA:12,1
LF:12
LH:12
BRF:0
BRH:0
end_of_record
TN:
SF:view/view.js
FN:3,_default
FNF:1
FNH:1
FNDA:2,_default
DA:1,1
DA:2,1
DA:3,1
DA:4,2
DA:5,2
DA:6,2
LF:6
LH:6
BRDA:3,0,0,2
BRDA:4,1,0,1
BRDA:4,2,0,1
BRF:3
BRH:3
end_of_record
